NAME                                      READY   STATUS    RESTARTS        AGE
pod/pgadmin-8494d946d4-wtwjm              1/1     Running   0               6m28s
pod/db-0                                  1/1     Running   0               6m28s
pod/fastapi-deployment-5cc688d578-5pj5n   1/1     Running   2 (6m20s ago)   6m28s
pod/fastapi-deployment-5cc688d578-8msb7   1/1     Running   2 (6m21s ago)   6m28s
pod/fastapi-deployment-5cc688d578-5qkt2   1/1     Running   2 (6m20s ago)   6m28s

NAME                      TYPE        CLUSTER-IP     EXTERNAL-IP   PORT(S)        AGE
service/db                ClusterIP   10.43.229.34   <none>        5432/TCP       6m28s
service/fastapi-service   ClusterIP   10.43.26.137   <none>        5000/TCP       6m28s
service/pgadmin-service   NodePort    10.43.216.34   <none>        80:30002/TCP   6m28s

NAME                                 READY   UP-TO-DATE   AVAILABLE   AGE
deployment.apps/pgadmin              1/1     1            1           6m28s
deployment.apps/fastapi-deployment   3/3     3            3           6m28s

NAME                                            DESIRED   CURRENT   READY   AGE
replicaset.apps/pgadmin-8494d946d4              1         1         1       6m28s
replicaset.apps/fastapi-deployment-5cc688d578   3         3         3       6m28s

NAME                  READY   AGE
statefulset.apps/db   1/1     6m28s

NAME                                              REFERENCE                       TARGETS         MINPODS   MAXPODS   REPLICAS   AGE
horizontalpodautoscaler.autoscaling/fastapi-hpa   Deployment/fastapi-deployment   <unknown>/70%   3         6         3          6m28s
